<?xml version="1.0" encoding="UTF-8"?>
<!-- Generated by org.testng.reporters.JUnitXMLReporter -->
<testsuite hostname="DESKTOP-4J1LCJ7" ignored="0" name="Flight Search Test" tests="1" failures="1" timestamp="29 May 2019 06:29:19 GMT" time="434.524" errors="0">
  <testcase name="flightSearchTest" time="432.106" classname="com.frankbahar.testcases.FlightSearchTest">
    <failure type="java.lang.AssertionError" message="expected [8] but found [7]">
      <![CDATA[java.lang.AssertionError: expected [8] but found [7]
	at com.frankbahar.errorcollectors.ErrorCollector.assertEquals(ErrorCollector.java:38)
	at com.frankbahar.errorcollectors.ErrorCollector.verifyEquals(ErrorCollector.java:102)
	at com.frankbahar.testcases.FlightSearchTest.flightSearchTest(FlightSearchTest.java:34)
... Removed 33 stack frames]]>
    </failure>
  </testcase> <!-- flightSearchTest -->
</testsuite> <!-- Flight Search Test -->
