<?xml version="1.0" encoding="UTF-8"?>
<!-- Generated by org.testng.reporters.JUnitXMLReporter -->
<testsuite hostname="DESKTOP-4J1LCJ7" ignored="0" name="Sign in Test" tests="2" failures="0" timestamp="29 May 2019 06:21:53 GMT" time="14.119" errors="0">
  <testcase name="signInTest" time="0.008" classname="com.frankbahar.testcases.SignInTest">
    <skipped/>
  </testcase> <!-- signInTest -->
  <testcase name="signInTest" time="12.892" classname="com.frankbahar.testcases.SignInTest"/>
</testsuite> <!-- Sign in Test -->
